2023-04-03 11:50:54,709 [Test worker] INFO  o.s.b.t.c.SpringBootTestContextBootstrapper - Neither @ContextConfiguration nor @ContextHierarchy found for test class [lv.javaguru.travel.insurance.rest.TravelCalculatePremiumControllerTest], using SpringBootContextLoader
2023-04-03 11:50:54,817 [Test worker] INFO  o.s.t.c.s.AbstractContextLoader - Could not detect default resource locations for test class [lv.javaguru.travel.insurance.rest.TravelCalculatePremiumControllerTest]: no resource found for suffixes {-context.xml, Context.groovy}.
2023-04-03 11:50:54,834 [Test worker] INFO  o.s.t.c.s.AnnotationConfigContextLoaderUtils - Could not detect default configuration classes for test class [lv.javaguru.travel.insurance.rest.TravelCalculatePremiumControllerTest]: TravelCalculatePremiumControllerTest does not declare any static, non-private, non-final, nested classes annotated with @Configuration.
2023-04-03 11:50:55,182 [Test worker] INFO  o.s.b.t.c.SpringBootTestContextBootstrapper - Found @SpringBootConfiguration lv.javaguru.travel.insurance.InsuranceApplication for test class lv.javaguru.travel.insurance.rest.TravelCalculatePremiumControllerTest
2023-04-03 11:50:55,332 [Test worker] INFO  o.s.b.t.c.SpringBootTestContextBootstrapper - Loaded default TestExecutionListener class names from location [META-INF/spring.factories]: [org.springframework.boot.test.autoconfigure.restdocs.RestDocsTestExecutionListener, org.springframework.boot.test.autoconfigure.web.client.MockRestServiceServerResetTestExecutionListener, org.springframework.boot.test.autoconfigure.web.servlet.MockMvcPrintOnlyOnFailureTestExecutionListener, org.springframework.boot.test.autoconfigure.web.servlet.WebDriverTestExecutionListener, org.springframework.boot.test.autoconfigure.webservices.client.MockWebServiceServerTestExecutionListener, org.springframework.boot.test.mock.mockito.MockitoTestExecutionListener, org.springframework.boot.test.mock.mockito.ResetMocksTestExecutionListener, org.springframework.test.context.web.ServletTestExecutionListener, org.springframework.test.context.support.DirtiesContextBeforeModesTestExecutionListener, org.springframework.test.context.event.ApplicationEventsTestExecutionListener, org.springframework.test.context.support.DependencyInjectionTestExecutionListener, org.springframework.test.context.support.DirtiesContextTestExecutionListener, org.springframework.test.context.transaction.TransactionalTestExecutionListener, org.springframework.test.context.jdbc.SqlScriptsTestExecutionListener, org.springframework.test.context.event.EventPublishingTestExecutionListener]
2023-04-03 11:50:55,352 [Test worker] INFO  o.s.b.t.c.SpringBootTestContextBootstrapper - Using TestExecutionListeners: [org.springframework.test.context.web.ServletTestExecutionListener@79e66b2f, org.springframework.test.context.support.DirtiesContextBeforeModesTestExecutionListener@17273273, org.springframework.test.context.event.ApplicationEventsTestExecutionListener@5f69e2b, org.springframework.boot.test.mock.mockito.MockitoTestExecutionListener@984169e, org.springframework.boot.test.autoconfigure.SpringBootDependencyInjectionTestExecutionListener@43f1bb92, org.springframework.test.context.support.DirtiesContextTestExecutionListener@6d6bbd35, org.springframework.test.context.event.EventPublishingTestExecutionListener@5c5d6175, org.springframework.boot.test.autoconfigure.restdocs.RestDocsTestExecutionListener@7544ac86, org.springframework.boot.test.autoconfigure.web.client.MockRestServiceServerResetTestExecutionListener@3b27b497, org.springframework.boot.test.autoconfigure.web.servlet.MockMvcPrintOnlyOnFailureTestExecutionListener@b1534d3, org.springframework.boot.test.autoconfigure.web.servlet.WebDriverTestExecutionListener@3c74aa0d, org.springframework.boot.test.autoconfigure.webservices.client.MockWebServiceServerTestExecutionListener@6c841199, org.springframework.boot.test.mock.mockito.ResetMocksTestExecutionListener@6a818392]
2023-04-03 11:50:56,070 [Test worker] INFO  l.j.t.i.r.TravelCalculatePremiumControllerTest - Starting TravelCalculatePremiumControllerTest using Java 18.0.2 on VSAVONINS with PID 21804 (started by admin in C:\javaguru\projects\java2-real-practice-with-mentor\teacher\step_29)
2023-04-03 11:50:56,072 [Test worker] INFO  l.j.t.i.r.TravelCalculatePremiumControllerTest - No active profile set, falling back to 1 default profile: "default"
2023-04-03 11:51:00,023 [Test worker] INFO  o.s.b.t.m.w.SpringBootMockServletContext - Initializing Spring TestDispatcherServlet ''
2023-04-03 11:51:00,024 [Test worker] INFO  o.s.t.w.s.TestDispatcherServlet - Initializing Servlet ''
2023-04-03 11:51:00,025 [Test worker] INFO  o.s.t.w.s.TestDispatcherServlet - Completed initialization in 1 ms
2023-04-03 11:51:00,064 [Test worker] INFO  l.j.t.i.r.TravelCalculatePremiumControllerTest - Started TravelCalculatePremiumControllerTest in 4.635 seconds (JVM running for 9.226)
2023-04-03 11:51:00,515 [Test worker] INFO  l.j.t.i.r.TravelCalculatePremiumRequestLogger - REQUEST: {"personFirstName":null,"personLastName":null,"agreementDateFrom":null,"agreementDateTo":null}
2023-04-03 11:51:00,525 [Test worker] INFO  l.j.t.i.r.TravelCalculatePremiumResponseLogger - RESPONSE: {"errors":[{"field":"agreementDateFrom","message":"Must not be empty!"},{"field":"agreementDateTo","message":"Must not be empty!"},{"field":"personFirstName","message":"Must not be empty!"},{"field":"personLastName","message":"Must not be empty!"}],"personFirstName":null,"personLastName":null,"agreementDateFrom":null,"agreementDateTo":null,"agreementPrice":null}
2023-04-03 11:51:00,528 [Test worker] INFO  l.j.t.i.r.TravelCalculatePremiumRequestExecutionTimeLogger - Request processing time (ms): 28
2023-04-03 11:51:00,589 [Test worker] INFO  l.j.t.i.r.TravelCalculatePremiumRequestLogger - REQUEST: {"personFirstName":"Vasja","personLastName":"Pupkin","agreementDateFrom":"2025-05-20","agreementDateTo":"2025-05-10"}
2023-04-03 11:51:00,592 [Test worker] INFO  l.j.t.i.r.TravelCalculatePremiumResponseLogger - RESPONSE: {"errors":[{"field":"agreementDateFrom","message":"Must be less then agreementDateTo!"}],"personFirstName":null,"personLastName":null,"agreementDateFrom":null,"agreementDateTo":null,"agreementPrice":null}
2023-04-03 11:51:00,592 [Test worker] INFO  l.j.t.i.r.TravelCalculatePremiumRequestExecutionTimeLogger - Request processing time (ms): 9
2023-04-03 11:51:00,606 [Test worker] INFO  l.j.t.i.r.TravelCalculatePremiumRequestLogger - REQUEST: {"personFirstName":"Vasja","personLastName":"Pupkin","agreementDateFrom":"2025-05-29","agreementDateTo":null}
2023-04-03 11:51:00,608 [Test worker] INFO  l.j.t.i.r.TravelCalculatePremiumResponseLogger - RESPONSE: {"errors":[{"field":"agreementDateTo","message":"Must not be empty!"}],"personFirstName":null,"personLastName":null,"agreementDateFrom":null,"agreementDateTo":null,"agreementPrice":null}
2023-04-03 11:51:00,609 [Test worker] INFO  l.j.t.i.r.TravelCalculatePremiumRequestExecutionTimeLogger - Request processing time (ms): 5
2023-04-03 11:51:00,622 [Test worker] INFO  l.j.t.i.r.TravelCalculatePremiumRequestLogger - REQUEST: {"personFirstName":"Vasja","personLastName":"Pupkin","agreementDateFrom":"2025-05-25","agreementDateTo":"2025-05-29"}
2023-04-03 11:51:00,630 [Test worker] INFO  l.j.t.i.r.TravelCalculatePremiumResponseLogger - RESPONSE: {"errors":null,"personFirstName":"Vasja","personLastName":"Pupkin","agreementDateFrom":"2025-05-25","agreementDateTo":"2025-05-29","agreementPrice":4}
2023-04-03 11:51:00,630 [Test worker] INFO  l.j.t.i.r.TravelCalculatePremiumRequestExecutionTimeLogger - Request processing time (ms): 10
2023-04-03 11:51:00,651 [Test worker] INFO  l.j.t.i.r.TravelCalculatePremiumRequestLogger - REQUEST: {"personFirstName":null,"personLastName":"Pupkin","agreementDateFrom":"2025-05-25","agreementDateTo":"2025-05-29"}
2023-04-03 11:51:00,654 [Test worker] INFO  l.j.t.i.r.TravelCalculatePremiumResponseLogger - RESPONSE: {"errors":[{"field":"personFirstName","message":"Must not be empty!"}],"personFirstName":null,"personLastName":null,"agreementDateFrom":null,"agreementDateTo":null,"agreementPrice":null}
2023-04-03 11:51:00,654 [Test worker] INFO  l.j.t.i.r.TravelCalculatePremiumRequestExecutionTimeLogger - Request processing time (ms): 5
2023-04-03 11:51:00,673 [Test worker] INFO  l.j.t.i.r.TravelCalculatePremiumRequestLogger - REQUEST: {"personFirstName":"Vasja","personLastName":null,"agreementDateFrom":"2025-05-25","agreementDateTo":"2025-05-29"}
2023-04-03 11:51:00,676 [Test worker] INFO  l.j.t.i.r.TravelCalculatePremiumResponseLogger - RESPONSE: {"errors":[{"field":"personLastName","message":"Must not be empty!"}],"personFirstName":null,"personLastName":null,"agreementDateFrom":null,"agreementDateTo":null,"agreementPrice":null}
2023-04-03 11:51:00,676 [Test worker] INFO  l.j.t.i.r.TravelCalculatePremiumRequestExecutionTimeLogger - Request processing time (ms): 5
2023-04-03 11:51:00,688 [Test worker] INFO  l.j.t.i.r.TravelCalculatePremiumRequestLogger - REQUEST: {"personFirstName":"Vasja","personLastName":"Pupkin","agreementDateFrom":null,"agreementDateTo":"2025-05-29"}
2023-04-03 11:51:00,691 [Test worker] INFO  l.j.t.i.r.TravelCalculatePremiumResponseLogger - RESPONSE: {"errors":[{"field":"agreementDateFrom","message":"Must not be empty!"}],"personFirstName":null,"personLastName":null,"agreementDateFrom":null,"agreementDateTo":null,"agreementPrice":null}
2023-04-03 11:51:00,691 [Test worker] INFO  l.j.t.i.r.TravelCalculatePremiumRequestExecutionTimeLogger - Request processing time (ms): 4
2023-04-03 12:08:41,573 [Test worker] INFO  o.s.b.t.c.SpringBootTestContextBootstrapper - Neither @ContextConfiguration nor @ContextHierarchy found for test class [lv.javaguru.travel.insurance.rest.TravelCalculatePremiumControllerTest], using SpringBootContextLoader
2023-04-03 12:08:41,593 [Test worker] INFO  o.s.t.c.s.AbstractContextLoader - Could not detect default resource locations for test class [lv.javaguru.travel.insurance.rest.TravelCalculatePremiumControllerTest]: no resource found for suffixes {-context.xml, Context.groovy}.
2023-04-03 12:08:41,597 [Test worker] INFO  o.s.t.c.s.AnnotationConfigContextLoaderUtils - Could not detect default configuration classes for test class [lv.javaguru.travel.insurance.rest.TravelCalculatePremiumControllerTest]: TravelCalculatePremiumControllerTest does not declare any static, non-private, non-final, nested classes annotated with @Configuration.
2023-04-03 12:08:41,885 [Test worker] INFO  o.s.b.t.c.SpringBootTestContextBootstrapper - Found @SpringBootConfiguration lv.javaguru.travel.insurance.InsuranceApplication for test class lv.javaguru.travel.insurance.rest.TravelCalculatePremiumControllerTest
2023-04-03 12:08:42,114 [Test worker] INFO  o.s.b.t.c.SpringBootTestContextBootstrapper - Loaded default TestExecutionListener class names from location [META-INF/spring.factories]: [org.springframework.boot.test.autoconfigure.restdocs.RestDocsTestExecutionListener, org.springframework.boot.test.autoconfigure.web.client.MockRestServiceServerResetTestExecutionListener, org.springframework.boot.test.autoconfigure.web.servlet.MockMvcPrintOnlyOnFailureTestExecutionListener, org.springframework.boot.test.autoconfigure.web.servlet.WebDriverTestExecutionListener, org.springframework.boot.test.autoconfigure.webservices.client.MockWebServiceServerTestExecutionListener, org.springframework.boot.test.mock.mockito.MockitoTestExecutionListener, org.springframework.boot.test.mock.mockito.ResetMocksTestExecutionListener, org.springframework.test.context.web.ServletTestExecutionListener, org.springframework.test.context.support.DirtiesContextBeforeModesTestExecutionListener, org.springframework.test.context.event.ApplicationEventsTestExecutionListener, org.springframework.test.context.support.DependencyInjectionTestExecutionListener, org.springframework.test.context.support.DirtiesContextTestExecutionListener, org.springframework.test.context.transaction.TransactionalTestExecutionListener, org.springframework.test.context.jdbc.SqlScriptsTestExecutionListener, org.springframework.test.context.event.EventPublishingTestExecutionListener]
2023-04-03 12:08:42,142 [Test worker] INFO  o.s.b.t.c.SpringBootTestContextBootstrapper - Using TestExecutionListeners: [org.springframework.test.context.web.ServletTestExecutionListener@648d0e6d, org.springframework.test.context.support.DirtiesContextBeforeModesTestExecutionListener@79e66b2f, org.springframework.test.context.event.ApplicationEventsTestExecutionListener@17273273, org.springframework.boot.test.mock.mockito.MockitoTestExecutionListener@5f69e2b, org.springframework.boot.test.autoconfigure.SpringBootDependencyInjectionTestExecutionListener@984169e, org.springframework.test.context.support.DirtiesContextTestExecutionListener@43f1bb92, org.springframework.test.context.event.EventPublishingTestExecutionListener@6d6bbd35, org.springframework.boot.test.autoconfigure.restdocs.RestDocsTestExecutionListener@5c5d6175, org.springframework.boot.test.autoconfigure.web.client.MockRestServiceServerResetTestExecutionListener@7544ac86, org.springframework.boot.test.autoconfigure.web.servlet.MockMvcPrintOnlyOnFailureTestExecutionListener@3b27b497, org.springframework.boot.test.autoconfigure.web.servlet.WebDriverTestExecutionListener@b1534d3, org.springframework.boot.test.autoconfigure.webservices.client.MockWebServiceServerTestExecutionListener@3c74aa0d, org.springframework.boot.test.mock.mockito.ResetMocksTestExecutionListener@6c841199]
2023-04-03 12:08:42,838 [Test worker] INFO  l.j.t.i.r.TravelCalculatePremiumControllerTest - Starting TravelCalculatePremiumControllerTest using Java 18.0.2 on VSAVONINS with PID 21072 (started by admin in C:\javaguru\projects\java2-real-practice-with-mentor\teacher\step_29)
2023-04-03 12:08:42,839 [Test worker] INFO  l.j.t.i.r.TravelCalculatePremiumControllerTest - No active profile set, falling back to 1 default profile: "default"
2023-04-03 12:08:45,722 [Test worker] INFO  o.s.b.t.m.w.SpringBootMockServletContext - Initializing Spring TestDispatcherServlet ''
2023-04-03 12:08:45,723 [Test worker] INFO  o.s.t.w.s.TestDispatcherServlet - Initializing Servlet ''
2023-04-03 12:08:45,724 [Test worker] INFO  o.s.t.w.s.TestDispatcherServlet - Completed initialization in 1 ms
2023-04-03 12:08:45,756 [Test worker] INFO  l.j.t.i.r.TravelCalculatePremiumControllerTest - Started TravelCalculatePremiumControllerTest in 3.529 seconds (JVM running for 8.715)
2023-04-03 12:08:45,979 [Test worker] INFO  l.j.t.i.r.TravelCalculatePremiumRequestLogger - REQUEST: {"personFirstName":null,"personLastName":null,"agreementDateFrom":null,"agreementDateTo":null}
2023-04-03 12:08:45,992 [Test worker] INFO  l.j.t.i.r.TravelCalculatePremiumResponseLogger - RESPONSE: {"errors":[{"field":"agreementDateFrom","message":"Must not be empty!"},{"field":"agreementDateTo","message":"Must not be empty!"},{"field":"personFirstName","message":"Must not be empty!"},{"field":"personLastName","message":"Must not be empty!"}],"personFirstName":null,"personLastName":null,"agreementDateFrom":null,"agreementDateTo":null,"agreementPrice":null}
2023-04-03 12:08:45,998 [Test worker] INFO  l.j.t.i.r.TravelCalculatePremiumRequestExecutionTimeLogger - Request processing time (ms): 36
2023-04-03 12:08:46,058 [Test worker] INFO  l.j.t.i.r.TravelCalculatePremiumRequestLogger - REQUEST: {"personFirstName":"Vasja","personLastName":"Pupkin","agreementDateFrom":"2025-05-20","agreementDateTo":"2025-05-10"}
2023-04-03 12:08:46,060 [Test worker] INFO  l.j.t.i.r.TravelCalculatePremiumResponseLogger - RESPONSE: {"errors":[{"field":"agreementDateFrom","message":"Must be less then agreementDateTo!"}],"personFirstName":null,"personLastName":null,"agreementDateFrom":null,"agreementDateTo":null,"agreementPrice":null}
2023-04-03 12:08:46,060 [Test worker] INFO  l.j.t.i.r.TravelCalculatePremiumRequestExecutionTimeLogger - Request processing time (ms): 7
2023-04-03 12:08:46,073 [Test worker] INFO  l.j.t.i.r.TravelCalculatePremiumRequestLogger - REQUEST: {"personFirstName":"Vasja","personLastName":"Pupkin","agreementDateFrom":"2025-05-29","agreementDateTo":null}
2023-04-03 12:08:46,075 [Test worker] INFO  l.j.t.i.r.TravelCalculatePremiumResponseLogger - RESPONSE: {"errors":[{"field":"agreementDateTo","message":"Must not be empty!"}],"personFirstName":null,"personLastName":null,"agreementDateFrom":null,"agreementDateTo":null,"agreementPrice":null}
2023-04-03 12:08:46,076 [Test worker] INFO  l.j.t.i.r.TravelCalculatePremiumRequestExecutionTimeLogger - Request processing time (ms): 5
2023-04-03 12:08:46,091 [Test worker] INFO  l.j.t.i.r.TravelCalculatePremiumRequestLogger - REQUEST: {"personFirstName":"Vasja","personLastName":"Pupkin","agreementDateFrom":"2025-05-25","agreementDateTo":"2025-05-29"}
2023-04-03 12:08:46,099 [Test worker] INFO  l.j.t.i.r.TravelCalculatePremiumResponseLogger - RESPONSE: {"errors":null,"personFirstName":"Vasja","personLastName":"Pupkin","agreementDateFrom":"2025-05-25","agreementDateTo":"2025-05-29","agreementPrice":4}
2023-04-03 12:08:46,099 [Test worker] INFO  l.j.t.i.r.TravelCalculatePremiumRequestExecutionTimeLogger - Request processing time (ms): 10
2023-04-03 12:08:46,123 [Test worker] INFO  l.j.t.i.r.TravelCalculatePremiumRequestLogger - REQUEST: {"personFirstName":null,"personLastName":"Pupkin","agreementDateFrom":"2025-05-25","agreementDateTo":"2025-05-29"}
2023-04-03 12:08:46,134 [Test worker] INFO  l.j.t.i.r.TravelCalculatePremiumResponseLogger - RESPONSE: {"errors":[{"field":"personFirstName","message":"Must not be empty!"}],"personFirstName":null,"personLastName":null,"agreementDateFrom":null,"agreementDateTo":null,"agreementPrice":null}
2023-04-03 12:08:46,135 [Test worker] INFO  l.j.t.i.r.TravelCalculatePremiumRequestExecutionTimeLogger - Request processing time (ms): 19
2023-04-03 12:08:46,151 [Test worker] INFO  l.j.t.i.r.TravelCalculatePremiumRequestLogger - REQUEST: {"personFirstName":"Vasja","personLastName":null,"agreementDateFrom":"2025-05-25","agreementDateTo":"2025-05-29"}
2023-04-03 12:08:46,153 [Test worker] INFO  l.j.t.i.r.TravelCalculatePremiumResponseLogger - RESPONSE: {"errors":[{"field":"personLastName","message":"Must not be empty!"}],"personFirstName":null,"personLastName":null,"agreementDateFrom":null,"agreementDateTo":null,"agreementPrice":null}
2023-04-03 12:08:46,154 [Test worker] INFO  l.j.t.i.r.TravelCalculatePremiumRequestExecutionTimeLogger - Request processing time (ms): 5
2023-04-03 12:08:46,169 [Test worker] INFO  l.j.t.i.r.TravelCalculatePremiumRequestLogger - REQUEST: {"personFirstName":"Vasja","personLastName":"Pupkin","agreementDateFrom":null,"agreementDateTo":"2025-05-29"}
2023-04-03 12:08:46,178 [Test worker] INFO  l.j.t.i.r.TravelCalculatePremiumResponseLogger - RESPONSE: {"errors":[{"field":"agreementDateFrom","message":"Must not be empty!"}],"personFirstName":null,"personLastName":null,"agreementDateFrom":null,"agreementDateTo":null,"agreementPrice":null}
2023-04-03 12:08:46,180 [Test worker] INFO  l.j.t.i.r.TravelCalculatePremiumRequestExecutionTimeLogger - Request processing time (ms): 14
2023-04-03 13:16:54,652 [Test worker] INFO  o.s.b.t.c.SpringBootTestContextBootstrapper - Neither @ContextConfiguration nor @ContextHierarchy found for test class [lv.javaguru.travel.insurance.rest.TravelCalculatePremiumControllerTest], using SpringBootContextLoader
2023-04-03 13:16:54,660 [Test worker] INFO  o.s.t.c.s.AbstractContextLoader - Could not detect default resource locations for test class [lv.javaguru.travel.insurance.rest.TravelCalculatePremiumControllerTest]: no resource found for suffixes {-context.xml, Context.groovy}.
2023-04-03 13:16:54,661 [Test worker] INFO  o.s.t.c.s.AnnotationConfigContextLoaderUtils - Could not detect default configuration classes for test class [lv.javaguru.travel.insurance.rest.TravelCalculatePremiumControllerTest]: TravelCalculatePremiumControllerTest does not declare any static, non-private, non-final, nested classes annotated with @Configuration.
2023-04-03 13:16:54,906 [Test worker] INFO  o.s.b.t.c.SpringBootTestContextBootstrapper - Found @SpringBootConfiguration lv.javaguru.travel.insurance.InsuranceApplication for test class lv.javaguru.travel.insurance.rest.TravelCalculatePremiumControllerTest
2023-04-03 13:16:55,107 [Test worker] INFO  o.s.b.t.c.SpringBootTestContextBootstrapper - Loaded default TestExecutionListener class names from location [META-INF/spring.factories]: [org.springframework.boot.test.autoconfigure.restdocs.RestDocsTestExecutionListener, org.springframework.boot.test.autoconfigure.web.client.MockRestServiceServerResetTestExecutionListener, org.springframework.boot.test.autoconfigure.web.servlet.MockMvcPrintOnlyOnFailureTestExecutionListener, org.springframework.boot.test.autoconfigure.web.servlet.WebDriverTestExecutionListener, org.springframework.boot.test.autoconfigure.webservices.client.MockWebServiceServerTestExecutionListener, org.springframework.boot.test.mock.mockito.MockitoTestExecutionListener, org.springframework.boot.test.mock.mockito.ResetMocksTestExecutionListener, org.springframework.test.context.web.ServletTestExecutionListener, org.springframework.test.context.support.DirtiesContextBeforeModesTestExecutionListener, org.springframework.test.context.event.ApplicationEventsTestExecutionListener, org.springframework.test.context.support.DependencyInjectionTestExecutionListener, org.springframework.test.context.support.DirtiesContextTestExecutionListener, org.springframework.test.context.transaction.TransactionalTestExecutionListener, org.springframework.test.context.jdbc.SqlScriptsTestExecutionListener, org.springframework.test.context.event.EventPublishingTestExecutionListener]
2023-04-03 13:16:55,140 [Test worker] INFO  o.s.b.t.c.SpringBootTestContextBootstrapper - Using TestExecutionListeners: [org.springframework.test.context.web.ServletTestExecutionListener@648d0e6d, org.springframework.test.context.support.DirtiesContextBeforeModesTestExecutionListener@79e66b2f, org.springframework.test.context.event.ApplicationEventsTestExecutionListener@17273273, org.springframework.boot.test.mock.mockito.MockitoTestExecutionListener@5f69e2b, org.springframework.boot.test.autoconfigure.SpringBootDependencyInjectionTestExecutionListener@984169e, org.springframework.test.context.support.DirtiesContextTestExecutionListener@43f1bb92, org.springframework.test.context.event.EventPublishingTestExecutionListener@6d6bbd35, org.springframework.boot.test.autoconfigure.restdocs.RestDocsTestExecutionListener@5c5d6175, org.springframework.boot.test.autoconfigure.web.client.MockRestServiceServerResetTestExecutionListener@7544ac86, org.springframework.boot.test.autoconfigure.web.servlet.MockMvcPrintOnlyOnFailureTestExecutionListener@3b27b497, org.springframework.boot.test.autoconfigure.web.servlet.WebDriverTestExecutionListener@b1534d3, org.springframework.boot.test.autoconfigure.webservices.client.MockWebServiceServerTestExecutionListener@3c74aa0d, org.springframework.boot.test.mock.mockito.ResetMocksTestExecutionListener@6c841199]
2023-04-03 13:16:55,638 [Test worker] INFO  l.j.t.i.r.TravelCalculatePremiumControllerTest - Starting TravelCalculatePremiumControllerTest using Java 18.0.2 on VSAVONINS with PID 11644 (started by admin in C:\javaguru\projects\java2-real-practice-with-mentor\teacher\step_29)
2023-04-03 13:16:55,639 [Test worker] INFO  l.j.t.i.r.TravelCalculatePremiumControllerTest - No active profile set, falling back to 1 default profile: "default"
2023-04-03 13:16:58,759 [Test worker] INFO  o.s.b.t.m.w.SpringBootMockServletContext - Initializing Spring TestDispatcherServlet ''
2023-04-03 13:16:58,765 [Test worker] INFO  o.s.t.w.s.TestDispatcherServlet - Initializing Servlet ''
2023-04-03 13:16:58,774 [Test worker] INFO  o.s.t.w.s.TestDispatcherServlet - Completed initialization in 3 ms
2023-04-03 13:16:58,805 [Test worker] INFO  l.j.t.i.r.TravelCalculatePremiumControllerTest - Started TravelCalculatePremiumControllerTest in 3.604 seconds (JVM running for 9.541)
2023-04-03 13:16:59,108 [Test worker] INFO  l.j.t.i.r.TravelCalculatePremiumRequestLogger - REQUEST: {"personFirstName":null,"personLastName":null,"agreementDateFrom":null,"agreementDateTo":null}
2023-04-03 13:16:59,121 [Test worker] INFO  l.j.t.i.r.TravelCalculatePremiumResponseLogger - RESPONSE: {"errors":[{"field":"agreementDateFrom","message":"Must not be empty!"},{"field":"agreementDateTo","message":"Must not be empty!"},{"field":"personFirstName","message":"Must not be empty!"},{"field":"personLastName","message":"Must not be empty!"}],"personFirstName":null,"personLastName":null,"agreementDateFrom":null,"agreementDateTo":null,"agreementPrice":null}
2023-04-03 13:16:59,124 [Test worker] INFO  l.j.t.i.r.TravelCalculatePremiumRequestExecutionTimeLogger - Request processing time (ms): 29
2023-04-03 13:16:59,200 [Test worker] INFO  l.j.t.i.r.TravelCalculatePremiumRequestLogger - REQUEST: {"personFirstName":"Vasja","personLastName":"Pupkin","agreementDateFrom":"2025-05-20","agreementDateTo":"2025-05-10"}
2023-04-03 13:16:59,203 [Test worker] INFO  l.j.t.i.r.TravelCalculatePremiumResponseLogger - RESPONSE: {"errors":[{"field":"agreementDateFrom","message":"Must be less then agreementDateTo!"}],"personFirstName":null,"personLastName":null,"agreementDateFrom":null,"agreementDateTo":null,"agreementPrice":null}
2023-04-03 13:16:59,204 [Test worker] INFO  l.j.t.i.r.TravelCalculatePremiumRequestExecutionTimeLogger - Request processing time (ms): 8
2023-04-03 13:16:59,216 [Test worker] INFO  l.j.t.i.r.TravelCalculatePremiumRequestLogger - REQUEST: {"personFirstName":"Vasja","personLastName":"Pupkin","agreementDateFrom":"2025-05-29","agreementDateTo":null}
2023-04-03 13:16:59,219 [Test worker] INFO  l.j.t.i.r.TravelCalculatePremiumResponseLogger - RESPONSE: {"errors":[{"field":"agreementDateTo","message":"Must not be empty!"}],"personFirstName":null,"personLastName":null,"agreementDateFrom":null,"agreementDateTo":null,"agreementPrice":null}
2023-04-03 13:16:59,219 [Test worker] INFO  l.j.t.i.r.TravelCalculatePremiumRequestExecutionTimeLogger - Request processing time (ms): 5
2023-04-03 13:16:59,232 [Test worker] INFO  l.j.t.i.r.TravelCalculatePremiumRequestLogger - REQUEST: {"personFirstName":"Vasja","personLastName":"Pupkin","agreementDateFrom":"2025-05-25","agreementDateTo":"2025-05-29"}
2023-04-03 13:16:59,250 [Test worker] INFO  l.j.t.i.r.TravelCalculatePremiumResponseLogger - RESPONSE: {"errors":null,"personFirstName":"Vasja","personLastName":"Pupkin","agreementDateFrom":"2025-05-25","agreementDateTo":"2025-05-29","agreementPrice":4}
2023-04-03 13:16:59,251 [Test worker] INFO  l.j.t.i.r.TravelCalculatePremiumRequestExecutionTimeLogger - Request processing time (ms): 22
2023-04-03 13:16:59,270 [Test worker] INFO  l.j.t.i.r.TravelCalculatePremiumRequestLogger - REQUEST: {"personFirstName":null,"personLastName":"Pupkin","agreementDateFrom":"2025-05-25","agreementDateTo":"2025-05-29"}
2023-04-03 13:16:59,277 [Test worker] INFO  l.j.t.i.r.TravelCalculatePremiumResponseLogger - RESPONSE: {"errors":[{"field":"personFirstName","message":"Must not be empty!"}],"personFirstName":null,"personLastName":null,"agreementDateFrom":null,"agreementDateTo":null,"agreementPrice":null}
2023-04-03 13:16:59,277 [Test worker] INFO  l.j.t.i.r.TravelCalculatePremiumRequestExecutionTimeLogger - Request processing time (ms): 8
2023-04-03 13:16:59,289 [Test worker] INFO  l.j.t.i.r.TravelCalculatePremiumRequestLogger - REQUEST: {"personFirstName":"Vasja","personLastName":null,"agreementDateFrom":"2025-05-25","agreementDateTo":"2025-05-29"}
2023-04-03 13:16:59,292 [Test worker] INFO  l.j.t.i.r.TravelCalculatePremiumResponseLogger - RESPONSE: {"errors":[{"field":"personLastName","message":"Must not be empty!"}],"personFirstName":null,"personLastName":null,"agreementDateFrom":null,"agreementDateTo":null,"agreementPrice":null}
2023-04-03 13:16:59,292 [Test worker] INFO  l.j.t.i.r.TravelCalculatePremiumRequestExecutionTimeLogger - Request processing time (ms): 5
2023-04-03 13:16:59,306 [Test worker] INFO  l.j.t.i.r.TravelCalculatePremiumRequestLogger - REQUEST: {"personFirstName":"Vasja","personLastName":"Pupkin","agreementDateFrom":null,"agreementDateTo":"2025-05-29"}
2023-04-03 13:16:59,317 [Test worker] INFO  l.j.t.i.r.TravelCalculatePremiumResponseLogger - RESPONSE: {"errors":[{"field":"agreementDateFrom","message":"Must not be empty!"}],"personFirstName":null,"personLastName":null,"agreementDateFrom":null,"agreementDateTo":null,"agreementPrice":null}
2023-04-03 13:16:59,317 [Test worker] INFO  l.j.t.i.r.TravelCalculatePremiumRequestExecutionTimeLogger - Request processing time (ms): 13
2023-04-03 13:46:50,199 [Test worker] INFO  o.s.b.t.c.SpringBootTestContextBootstrapper - Neither @ContextConfiguration nor @ContextHierarchy found for test class [lv.javaguru.travel.insurance.rest.TravelCalculatePremiumControllerTest], using SpringBootContextLoader
2023-04-03 13:46:50,209 [Test worker] INFO  o.s.t.c.s.AbstractContextLoader - Could not detect default resource locations for test class [lv.javaguru.travel.insurance.rest.TravelCalculatePremiumControllerTest]: no resource found for suffixes {-context.xml, Context.groovy}.
2023-04-03 13:46:50,210 [Test worker] INFO  o.s.t.c.s.AnnotationConfigContextLoaderUtils - Could not detect default configuration classes for test class [lv.javaguru.travel.insurance.rest.TravelCalculatePremiumControllerTest]: TravelCalculatePremiumControllerTest does not declare any static, non-private, non-final, nested classes annotated with @Configuration.
2023-04-03 13:46:50,561 [Test worker] INFO  o.s.b.t.c.SpringBootTestContextBootstrapper - Found @SpringBootConfiguration lv.javaguru.travel.insurance.InsuranceApplication for test class lv.javaguru.travel.insurance.rest.TravelCalculatePremiumControllerTest
2023-04-03 13:46:50,768 [Test worker] INFO  o.s.b.t.c.SpringBootTestContextBootstrapper - Loaded default TestExecutionListener class names from location [META-INF/spring.factories]: [org.springframework.boot.test.autoconfigure.restdocs.RestDocsTestExecutionListener, org.springframework.boot.test.autoconfigure.web.client.MockRestServiceServerResetTestExecutionListener, org.springframework.boot.test.autoconfigure.web.servlet.MockMvcPrintOnlyOnFailureTestExecutionListener, org.springframework.boot.test.autoconfigure.web.servlet.WebDriverTestExecutionListener, org.springframework.boot.test.autoconfigure.webservices.client.MockWebServiceServerTestExecutionListener, org.springframework.boot.test.mock.mockito.MockitoTestExecutionListener, org.springframework.boot.test.mock.mockito.ResetMocksTestExecutionListener, org.springframework.test.context.web.ServletTestExecutionListener, org.springframework.test.context.support.DirtiesContextBeforeModesTestExecutionListener, org.springframework.test.context.event.ApplicationEventsTestExecutionListener, org.springframework.test.context.support.DependencyInjectionTestExecutionListener, org.springframework.test.context.support.DirtiesContextTestExecutionListener, org.springframework.test.context.transaction.TransactionalTestExecutionListener, org.springframework.test.context.jdbc.SqlScriptsTestExecutionListener, org.springframework.test.context.event.EventPublishingTestExecutionListener]
2023-04-03 13:46:50,798 [Test worker] INFO  o.s.b.t.c.SpringBootTestContextBootstrapper - Using TestExecutionListeners: [org.springframework.test.context.web.ServletTestExecutionListener@5f69e2b, org.springframework.test.context.support.DirtiesContextBeforeModesTestExecutionListener@984169e, org.springframework.test.context.event.ApplicationEventsTestExecutionListener@43f1bb92, org.springframework.boot.test.mock.mockito.MockitoTestExecutionListener@6d6bbd35, org.springframework.boot.test.autoconfigure.SpringBootDependencyInjectionTestExecutionListener@5c5d6175, org.springframework.test.context.support.DirtiesContextTestExecutionListener@7544ac86, org.springframework.test.context.event.EventPublishingTestExecutionListener@3b27b497, org.springframework.boot.test.autoconfigure.restdocs.RestDocsTestExecutionListener@b1534d3, org.springframework.boot.test.autoconfigure.web.client.MockRestServiceServerResetTestExecutionListener@3c74aa0d, org.springframework.boot.test.autoconfigure.web.servlet.MockMvcPrintOnlyOnFailureTestExecutionListener@6c841199, org.springframework.boot.test.autoconfigure.web.servlet.WebDriverTestExecutionListener@6a818392, org.springframework.boot.test.autoconfigure.webservices.client.MockWebServiceServerTestExecutionListener@489091bd, org.springframework.boot.test.mock.mockito.ResetMocksTestExecutionListener@512d6e60]
2023-04-03 13:46:51,484 [Test worker] INFO  l.j.t.i.r.TravelCalculatePremiumControllerTest - Starting TravelCalculatePremiumControllerTest using Java 18.0.2 on VSAVONINS with PID 2748 (started by admin in C:\javaguru\projects\java2-real-practice-with-mentor\teacher\step_29)
2023-04-03 13:46:51,485 [Test worker] INFO  l.j.t.i.r.TravelCalculatePremiumControllerTest - No active profile set, falling back to 1 default profile: "default"
2023-04-03 13:46:59,831 [Test worker] INFO  o.s.b.t.m.w.SpringBootMockServletContext - Initializing Spring TestDispatcherServlet ''
2023-04-03 13:46:59,831 [Test worker] INFO  o.s.t.w.s.TestDispatcherServlet - Initializing Servlet ''
2023-04-03 13:46:59,833 [Test worker] INFO  o.s.t.w.s.TestDispatcherServlet - Completed initialization in 1 ms
2023-04-03 13:46:59,886 [Test worker] INFO  l.j.t.i.r.TravelCalculatePremiumControllerTest - Started TravelCalculatePremiumControllerTest in 8.994 seconds (JVM running for 14.742)
2023-04-03 13:47:00,127 [Test worker] INFO  l.j.t.i.r.TravelCalculatePremiumRequestLogger - REQUEST: {"personFirstName":null,"personLastName":null,"agreementDateFrom":null,"agreementDateTo":null}
2023-04-03 13:47:00,144 [Test worker] INFO  l.j.t.i.r.TravelCalculatePremiumResponseLogger - RESPONSE: {"errors":[{"field":"agreementDateFrom","message":"Must not be empty!"},{"field":"agreementDateTo","message":"Must not be empty!"},{"field":"personFirstName","message":"Must not be empty!"},{"field":"personLastName","message":"Must not be empty!"}],"personFirstName":null,"personLastName":null,"agreementDateFrom":null,"agreementDateTo":null,"agreementPrice":null}
2023-04-03 13:47:00,147 [Test worker] INFO  l.j.t.i.r.TravelCalculatePremiumRequestExecutionTimeLogger - Request processing time (ms): 33
2023-04-03 13:47:00,213 [Test worker] INFO  l.j.t.i.r.TravelCalculatePremiumRequestLogger - REQUEST: {"personFirstName":"Vasja","personLastName":"Pupkin","agreementDateFrom":"2025-05-20","agreementDateTo":"2025-05-10"}
2023-04-03 13:47:00,216 [Test worker] INFO  l.j.t.i.r.TravelCalculatePremiumResponseLogger - RESPONSE: {"errors":[{"field":"agreementDateFrom","message":"Must be less then agreementDateTo!"}],"personFirstName":null,"personLastName":null,"agreementDateFrom":null,"agreementDateTo":null,"agreementPrice":null}
2023-04-03 13:47:00,218 [Test worker] INFO  l.j.t.i.r.TravelCalculatePremiumRequestExecutionTimeLogger - Request processing time (ms): 9
2023-04-03 13:47:00,242 [Test worker] INFO  l.j.t.i.r.TravelCalculatePremiumRequestLogger - REQUEST: {"personFirstName":"Vasja","personLastName":"Pupkin","agreementDateFrom":"2025-05-29","agreementDateTo":null}
2023-04-03 13:47:00,249 [Test worker] INFO  l.j.t.i.r.TravelCalculatePremiumResponseLogger - RESPONSE: {"errors":[{"field":"agreementDateTo","message":"Must not be empty!"}],"personFirstName":null,"personLastName":null,"agreementDateFrom":null,"agreementDateTo":null,"agreementPrice":null}
2023-04-03 13:47:00,249 [Test worker] INFO  l.j.t.i.r.TravelCalculatePremiumRequestExecutionTimeLogger - Request processing time (ms): 9
2023-04-03 13:47:00,261 [Test worker] INFO  l.j.t.i.r.TravelCalculatePremiumRequestLogger - REQUEST: {"personFirstName":"Vasja","personLastName":"Pupkin","agreementDateFrom":"2025-05-25","agreementDateTo":"2025-05-29"}
2023-04-03 13:47:00,286 [Test worker] INFO  l.j.t.i.r.TravelCalculatePremiumResponseLogger - RESPONSE: {"errors":null,"personFirstName":"Vasja","personLastName":"Pupkin","agreementDateFrom":"2025-05-25","agreementDateTo":"2025-05-29","agreementPrice":4}
2023-04-03 13:47:00,305 [Test worker] INFO  l.j.t.i.r.TravelCalculatePremiumRequestExecutionTimeLogger - Request processing time (ms): 45
2023-04-03 13:47:00,325 [Test worker] INFO  l.j.t.i.r.TravelCalculatePremiumRequestLogger - REQUEST: {"personFirstName":null,"personLastName":"Pupkin","agreementDateFrom":"2025-05-25","agreementDateTo":"2025-05-29"}
2023-04-03 13:47:00,327 [Test worker] INFO  l.j.t.i.r.TravelCalculatePremiumResponseLogger - RESPONSE: {"errors":[{"field":"personFirstName","message":"Must not be empty!"}],"personFirstName":null,"personLastName":null,"agreementDateFrom":null,"agreementDateTo":null,"agreementPrice":null}
2023-04-03 13:47:00,328 [Test worker] INFO  l.j.t.i.r.TravelCalculatePremiumRequestExecutionTimeLogger - Request processing time (ms): 6
2023-04-03 13:47:00,348 [Test worker] INFO  l.j.t.i.r.TravelCalculatePremiumRequestLogger - REQUEST: {"personFirstName":"Vasja","personLastName":null,"agreementDateFrom":"2025-05-25","agreementDateTo":"2025-05-29"}
2023-04-03 13:47:00,351 [Test worker] INFO  l.j.t.i.r.TravelCalculatePremiumResponseLogger - RESPONSE: {"errors":[{"field":"personLastName","message":"Must not be empty!"}],"personFirstName":null,"personLastName":null,"agreementDateFrom":null,"agreementDateTo":null,"agreementPrice":null}
2023-04-03 13:47:00,351 [Test worker] INFO  l.j.t.i.r.TravelCalculatePremiumRequestExecutionTimeLogger - Request processing time (ms): 7
2023-04-03 13:47:00,362 [Test worker] INFO  l.j.t.i.r.TravelCalculatePremiumRequestLogger - REQUEST: {"personFirstName":"Vasja","personLastName":"Pupkin","agreementDateFrom":null,"agreementDateTo":"2025-05-29"}
2023-04-03 13:47:00,365 [Test worker] INFO  l.j.t.i.r.TravelCalculatePremiumResponseLogger - RESPONSE: {"errors":[{"field":"agreementDateFrom","message":"Must not be empty!"}],"personFirstName":null,"personLastName":null,"agreementDateFrom":null,"agreementDateTo":null,"agreementPrice":null}
2023-04-03 13:47:00,365 [Test worker] INFO  l.j.t.i.r.TravelCalculatePremiumRequestExecutionTimeLogger - Request processing time (ms): 4
