2023-03-30 16:01:12,284 [Test worker] INFO  o.s.b.t.c.SpringBootTestContextBootstrapper - Neither @ContextConfiguration nor @ContextHierarchy found for test class [lv.javaguru.travel.insurance.rest.TravelCalculatePremiumControllerTest], using SpringBootContextLoader
2023-03-30 16:01:12,293 [Test worker] INFO  o.s.t.c.s.AbstractContextLoader - Could not detect default resource locations for test class [lv.javaguru.travel.insurance.rest.TravelCalculatePremiumControllerTest]: no resource found for suffixes {-context.xml, Context.groovy}.
2023-03-30 16:01:12,294 [Test worker] INFO  o.s.t.c.s.AnnotationConfigContextLoaderUtils - Could not detect default configuration classes for test class [lv.javaguru.travel.insurance.rest.TravelCalculatePremiumControllerTest]: TravelCalculatePremiumControllerTest does not declare any static, non-private, non-final, nested classes annotated with @Configuration.
2023-03-30 16:01:12,632 [Test worker] INFO  o.s.b.t.c.SpringBootTestContextBootstrapper - Found @SpringBootConfiguration lv.javaguru.travel.insurance.InsuranceApplication for test class lv.javaguru.travel.insurance.rest.TravelCalculatePremiumControllerTest
2023-03-30 16:01:12,900 [Test worker] INFO  o.s.b.t.c.SpringBootTestContextBootstrapper - Loaded default TestExecutionListener class names from location [META-INF/spring.factories]: [org.springframework.boot.test.autoconfigure.restdocs.RestDocsTestExecutionListener, org.springframework.boot.test.autoconfigure.web.client.MockRestServiceServerResetTestExecutionListener, org.springframework.boot.test.autoconfigure.web.servlet.MockMvcPrintOnlyOnFailureTestExecutionListener, org.springframework.boot.test.autoconfigure.web.servlet.WebDriverTestExecutionListener, org.springframework.boot.test.autoconfigure.webservices.client.MockWebServiceServerTestExecutionListener, org.springframework.boot.test.mock.mockito.MockitoTestExecutionListener, org.springframework.boot.test.mock.mockito.ResetMocksTestExecutionListener, org.springframework.test.context.web.ServletTestExecutionListener, org.springframework.test.context.support.DirtiesContextBeforeModesTestExecutionListener, org.springframework.test.context.event.ApplicationEventsTestExecutionListener, org.springframework.test.context.support.DependencyInjectionTestExecutionListener, org.springframework.test.context.support.DirtiesContextTestExecutionListener, org.springframework.test.context.transaction.TransactionalTestExecutionListener, org.springframework.test.context.jdbc.SqlScriptsTestExecutionListener, org.springframework.test.context.event.EventPublishingTestExecutionListener]
2023-03-30 16:01:12,922 [Test worker] INFO  o.s.b.t.c.SpringBootTestContextBootstrapper - Using TestExecutionListeners: [org.springframework.test.context.web.ServletTestExecutionListener@1e9469b8, org.springframework.test.context.support.DirtiesContextBeforeModesTestExecutionListener@5a08efdc, org.springframework.test.context.event.ApplicationEventsTestExecutionListener@57272109, org.springframework.boot.test.mock.mockito.MockitoTestExecutionListener@59696551, org.springframework.boot.test.autoconfigure.SpringBootDependencyInjectionTestExecutionListener@648d0e6d, org.springframework.test.context.support.DirtiesContextTestExecutionListener@79e66b2f, org.springframework.test.context.event.EventPublishingTestExecutionListener@17273273, org.springframework.boot.test.autoconfigure.restdocs.RestDocsTestExecutionListener@5f69e2b, org.springframework.boot.test.autoconfigure.web.client.MockRestServiceServerResetTestExecutionListener@984169e, org.springframework.boot.test.autoconfigure.web.servlet.MockMvcPrintOnlyOnFailureTestExecutionListener@43f1bb92, org.springframework.boot.test.autoconfigure.web.servlet.WebDriverTestExecutionListener@6d6bbd35, org.springframework.boot.test.autoconfigure.webservices.client.MockWebServiceServerTestExecutionListener@5c5d6175, org.springframework.boot.test.mock.mockito.ResetMocksTestExecutionListener@7544ac86]
2023-03-30 16:01:13,743 [Test worker] INFO  l.j.j.i.r.TravelCalculatePremiumControllerTest - Starting TravelCalculatePremiumControllerTest using Java 18.0.2 on VSAVONINS with PID 14456 (started by admin in C:\javaguru\projects\java2-real-practice-with-mentor\teacher\step_28)
2023-03-30 16:01:13,744 [Test worker] INFO  l.j.j.i.r.TravelCalculatePremiumControllerTest - No active profile set, falling back to 1 default profile: "default"
2023-03-30 16:01:17,921 [Test worker] INFO  o.s.b.t.m.w.SpringBootMockServletContext - Initializing Spring TestDispatcherServlet ''
2023-03-30 16:01:17,923 [Test worker] INFO  o.s.t.w.s.TestDispatcherServlet - Initializing Servlet ''
2023-03-30 16:01:17,925 [Test worker] INFO  o.s.t.w.s.TestDispatcherServlet - Completed initialization in 1 ms
2023-03-30 16:01:17,962 [Test worker] INFO  l.j.j.i.r.TravelCalculatePremiumControllerTest - Started TravelCalculatePremiumControllerTest in 4.97 seconds (JVM running for 9.851)
2023-03-30 16:01:18,412 [Test worker] INFO  l.j.j.i.r.TravelCalculatePremiumRequestLogger - REQUEST: {"personFirstName":null,"personLastName":null,"agreementDateFrom":null,"agreementDateTo":null}
2023-03-30 16:01:18,462 [Test worker] INFO  l.j.j.i.r.TravelCalculatePremiumResponseLogger - RESPONSE: {"errors":[{"field":"agreementDateFrom","message":"Must not be empty!"},{"field":"agreementDateTo","message":"Must not be empty!"},{"field":"personFirstName","message":"Must not be empty!"},{"field":"personLastName","message":"Must not be empty!"}],"personFirstName":null,"personLastName":null,"agreementDateFrom":null,"agreementDateTo":null,"agreementPrice":null}
2023-03-30 16:01:18,468 [Test worker] INFO  l.j.j.i.r.TravelCalculatePremiumRequestExecutionTimeLogger - Request processing time (ms): 121
2023-03-30 16:01:18,588 [Test worker] INFO  l.j.j.i.r.TravelCalculatePremiumRequestLogger - REQUEST: {"personFirstName":"Vasja","personLastName":"Pupkin","agreementDateFrom":"2025-05-20","agreementDateTo":"2025-05-10"}
2023-03-30 16:01:18,591 [Test worker] INFO  l.j.j.i.r.TravelCalculatePremiumResponseLogger - RESPONSE: {"errors":[{"field":"agreementDateFrom","message":"Must be less then agreementDateTo!"}],"personFirstName":null,"personLastName":null,"agreementDateFrom":null,"agreementDateTo":null,"agreementPrice":null}
2023-03-30 16:01:18,591 [Test worker] INFO  l.j.j.i.r.TravelCalculatePremiumRequestExecutionTimeLogger - Request processing time (ms): 44
2023-03-30 16:01:18,606 [Test worker] INFO  l.j.j.i.r.TravelCalculatePremiumRequestLogger - REQUEST: {"personFirstName":"Vasja","personLastName":"Pupkin","agreementDateFrom":"2025-05-29","agreementDateTo":null}
2023-03-30 16:01:18,609 [Test worker] INFO  l.j.j.i.r.TravelCalculatePremiumResponseLogger - RESPONSE: {"errors":[{"field":"agreementDateTo","message":"Must not be empty!"}],"personFirstName":null,"personLastName":null,"agreementDateFrom":null,"agreementDateTo":null,"agreementPrice":null}
2023-03-30 16:01:18,609 [Test worker] INFO  l.j.j.i.r.TravelCalculatePremiumRequestExecutionTimeLogger - Request processing time (ms): 5
2023-03-30 16:01:18,626 [Test worker] INFO  l.j.j.i.r.TravelCalculatePremiumRequestLogger - REQUEST: {"personFirstName":"Vasja","personLastName":"Pupkin","agreementDateFrom":"2025-05-25","agreementDateTo":"2025-05-29"}
2023-03-30 16:01:18,670 [Test worker] INFO  l.j.j.i.r.TravelCalculatePremiumResponseLogger - RESPONSE: {"errors":null,"personFirstName":"Vasja","personLastName":"Pupkin","agreementDateFrom":"2025-05-25","agreementDateTo":"2025-05-29","agreementPrice":4}
2023-03-30 16:01:18,685 [Test worker] INFO  l.j.j.i.r.TravelCalculatePremiumRequestExecutionTimeLogger - Request processing time (ms): 61
2023-03-30 16:01:18,712 [Test worker] INFO  l.j.j.i.r.TravelCalculatePremiumRequestLogger - REQUEST: {"personFirstName":null,"personLastName":"Pupkin","agreementDateFrom":"2025-05-25","agreementDateTo":"2025-05-29"}
2023-03-30 16:01:18,715 [Test worker] INFO  l.j.j.i.r.TravelCalculatePremiumResponseLogger - RESPONSE: {"errors":[{"field":"personFirstName","message":"Must not be empty!"}],"personFirstName":null,"personLastName":null,"agreementDateFrom":null,"agreementDateTo":null,"agreementPrice":null}
2023-03-30 16:01:18,715 [Test worker] INFO  l.j.j.i.r.TravelCalculatePremiumRequestExecutionTimeLogger - Request processing time (ms): 5
2023-03-30 16:01:18,727 [Test worker] INFO  l.j.j.i.r.TravelCalculatePremiumRequestLogger - REQUEST: {"personFirstName":"Vasja","personLastName":null,"agreementDateFrom":"2025-05-25","agreementDateTo":"2025-05-29"}
2023-03-30 16:01:18,730 [Test worker] INFO  l.j.j.i.r.TravelCalculatePremiumResponseLogger - RESPONSE: {"errors":[{"field":"personLastName","message":"Must not be empty!"}],"personFirstName":null,"personLastName":null,"agreementDateFrom":null,"agreementDateTo":null,"agreementPrice":null}
2023-03-30 16:01:18,730 [Test worker] INFO  l.j.j.i.r.TravelCalculatePremiumRequestExecutionTimeLogger - Request processing time (ms): 5
2023-03-30 16:01:18,764 [Test worker] INFO  l.j.j.i.r.TravelCalculatePremiumRequestLogger - REQUEST: {"personFirstName":"Vasja","personLastName":"Pupkin","agreementDateFrom":null,"agreementDateTo":"2025-05-29"}
2023-03-30 16:01:18,766 [Test worker] INFO  l.j.j.i.r.TravelCalculatePremiumResponseLogger - RESPONSE: {"errors":[{"field":"agreementDateFrom","message":"Must not be empty!"}],"personFirstName":null,"personLastName":null,"agreementDateFrom":null,"agreementDateTo":null,"agreementPrice":null}
2023-03-30 16:01:18,767 [Test worker] INFO  l.j.j.i.r.TravelCalculatePremiumRequestExecutionTimeLogger - Request processing time (ms): 5
